#
# A fatal error has been detected by the Java Runtime Environment:
#
#  EXCEPTION_ACCESS_VIOLATION (0xc0000005) at pc=0x000000006997e56d, pid=13740, tid=0x0000000000004724
#
# JRE version: Java(TM) SE Runtime Environment (8.0_191-b12) (build 1.8.0_191-b12)
# Java VM: Java HotSpot(TM) 64-Bit Server VM (25.191-b12 mixed mode windows-amd64 compressed oops)
# Problematic frame:
# C  0x000000006997e56d
#
# Failed to write core dump. Minidumps are not enabled by default on client versions of Windows
#
# If you would like to submit a bug report, please visit:
#   http://bugreport.java.com/bugreport/crash.jsp
# The crash happened outside the Java Virtual Machine in native code.
# See problematic frame for where to report the bug.
#

---------------  T H R E A D  ---------------

Current thread (0x0000000026bb8800):  JavaThread "JavaFX Application Thread" [_thread_in_native, id=18212, stack(0x0000000028870000,0x0000000028970000)]

siginfo: ExceptionCode=0xc0000005, writing address 0x0000000000000000

Registers:
RAX=0x000000002896c1e8, RBX=0x00000000295cc568, RCX=0x0000000000000000, RDX=0x000000006a781da8
RSP=0x000000002896c170, RBP=0x00000000295cc568, RSI=0x000000006c1b1f90, RDI=0x000000002896c268
R8 =0xffffffffbed21000, R9 =0x0000000000000000, R10=0x0000000000000005, R11=0x000000002896c160
R12=0x000000002896ca28, R13=0x0000000000000000, R14=0x0000000000000000, R15=0x000000002978e8a0
RIP=0x000000006997e56d, EFLAGS=0x0000000000010246

Top of Stack: (sp=0x000000002896c170)
0x000000002896c170:   00000000295cc568 00000000295cc568
0x000000002896c180:   000000006c1b1f90 000000002896c268
0x000000002896c190:   0000000000000000 0000000000000000
0x000000002896c1a0:   000000002896c1b0 000000006998ab00
0x000000002896c1b0:   000000002800c200 000000001d416400
0x000000002896c1c0:   000000001d4163f0 00000000295cc568
0x000000002896c1d0:   000000001d416410 0000000069982908
0x000000002896c1e0:   000000002896c200 0000000000000000
0x000000002896c1f0:   000000001d4163f0 00000000222c5f10
0x000000002896c200:   000000002896c218 0000000000000001
0x000000002896c210:   0000000000000000 000000002896ca28
0x000000002896c220:   0000000000000000 00000000698d600d
0x000000002896c230:   0000000000f03bc8 00000000295cc568
0x000000002896c240:   000000002896c329 00000000694d4d00
0x000000002896c250:   00000000295cc568 000000001d4163f0
0x000000002896c260:   0000000000000000 0000000000000000 

Instructions: (pc=0x000000006997e56d)
0x000000006997e54d:   00 c6 44 24 46 00 c6 44 24 48 00 c6 44 24 4c 00
0x000000006997e55d:   c6 44 24 4e 00 e8 b9 27 00 00 48 8b 08 48 89 0f
0x000000006997e56d:   ff 01 48 8b 5c 24 78 48 c7 44 24 78 00 00 00 00
0x000000006997e57d:   48 85 db 74 1d 8b 03 83 e8 01 74 02 89 03 85 c0 


Register to memory mapping:

RAX=0x000000002896c1e8 is pointing into the stack for thread: 0x0000000026bb8800
RBX=0x00000000295cc568 is an unknown value
RCX=0x0000000000000000 is an unknown value
RDX=0x000000006a781da8 is an unknown value
RSP=0x000000002896c170 is pointing into the stack for thread: 0x0000000026bb8800
RBP=0x00000000295cc568 is an unknown value
RSI=0x000000006c1b1f90 is an unknown value
RDI=0x000000002896c268 is pointing into the stack for thread: 0x0000000026bb8800
R8 =0xffffffffbed21000 is an unknown value
R9 =0x0000000000000000 is an unknown value
R10=0x0000000000000005 is an unknown value
R11=0x000000002896c160 is pointing into the stack for thread: 0x0000000026bb8800
R12=0x000000002896ca28 is pointing into the stack for thread: 0x0000000026bb8800
R13=0x0000000000000000 is an unknown value
R14=0x0000000000000000 is an unknown value
R15=0x000000002978e8a0 is an unknown value


Stack: [0x0000000028870000,0x0000000028970000],  sp=0x000000002896c170,  free space=1008k
Native frames: (J=compiled Java code, j=interpreted, Vv=VM code, C=native code)
C  0x000000006997e56d
C  0x0000000069982908
C  0x00000000694d4d00
C  0x00000000698c7cec
C  0x0000000069b4166b
C  0x0000000069b465ec
C  0x0000000069b45067
C  0x00000000696f1ab3
C  0x00000000696f1e29
C  0x00000000696fc887
C  0x000000006a0e801b
C  0x0000000069589e4a
C  0x000000006958ed61
C  0x000000006958fe81
C  0x000000006958c02b
C  0x00000000695e39bc
C  0x0000000068d2a080
C  0x0000000002a28627

Java frames: (J=compiled Java code, j=interpreted, Vv=VM code)
j  com.sun.webkit.WebPage.twkInit(JZF)V+0
j  com.sun.webkit.WebPage.<init>(Lcom/sun/webkit/WebPageClient;Lcom/sun/webkit/UIClient;Lcom/sun/webkit/PolicyClient;Lcom/sun/webkit/InspectorClient;Lcom/sun/webkit/ThemeClient;Z)V+196
j  javafx.scene.web.WebEngine.<init>(Ljava/lang/String;Z)V+275
j  javafx.scene.web.WebEngine.<init>()V+3
j  javafx.scene.web.WebView.<init>()V+56
j  WebS.Mapa.createScene()V+4
j  WebS.Mapa.access$000(LWebS/Mapa;)V+1
j  WebS.Mapa$2.run()V+4
j  com.sun.javafx.application.PlatformImpl.lambda$null$172(Ljava/lang/Runnable;)Ljava/lang/Void;+1
j  com.sun.javafx.application.PlatformImpl$$Lambda$84.run()Ljava/lang/Object;+4
v  ~StubRoutines::call_stub
J 1811  java.security.AccessController.doPrivileged(Ljava/security/PrivilegedAction;Ljava/security/AccessControlContext;)Ljava/lang/Object; (0 bytes) @ 0x000000000300dee6 [0x000000000300de80+0x66]
j  com.sun.javafx.application.PlatformImpl.lambda$runLater$173(Ljava/lang/Runnable;Ljava/security/AccessControlContext;)V+7
j  com.sun.javafx.application.PlatformImpl$$Lambda$83.run()V+8
j  com.sun.glass.ui.InvokeLaterDispatcher$Future.run()V+4
v  ~StubRoutines::call_stub
j  com.sun.glass.ui.win.WinApplication._runLoop(Ljava/lang/Runnable;)V+0
j  com.sun.glass.ui.win.WinApplication.lambda$null$147(ILjava/lang/Runnable;)V+8
j  com.sun.glass.ui.win.WinApplication$$Lambda$73.run()V+12
j  java.lang.Thread.run()V+11
v  ~StubRoutines::call_stub

---------------  P R O C E S S  ---------------

Java Threads: ( => current thread )
  0x0000000026bc0000 JavaThread "Thread-1" [_thread_blocked, id=18680, stack(0x00000000292e0000,0x00000000293e0000)]
  0x0000000026bb8000 JavaThread "Thread-8" daemon [_thread_in_native, id=5628, stack(0x0000000022d10000,0x0000000022e10000)]
=>0x0000000026bb8800 JavaThread "JavaFX Application Thread" [_thread_in_native, id=18212, stack(0x0000000028870000,0x0000000028970000)]
  0x000000001acc5800 JavaThread "Thread-7" daemon [_thread_blocked, id=15208, stack(0x0000000028770000,0x0000000028870000)]
  0x000000001bbdd000 JavaThread "TimerQueue" daemon [_thread_blocked, id=15592, stack(0x0000000025f30000,0x0000000026030000)]
  0x0000000002912800 JavaThread "DestroyJavaVM" [_thread_blocked, id=2320, stack(0x0000000002810000,0x0000000002910000)]
  0x000000001bae6800 JavaThread "AWT-EventQueue-0" [_thread_blocked, id=19432, stack(0x000000001cdd0000,0x000000001ced0000)]
  0x000000001b92c800 JavaThread "AWT-Shutdown" [_thread_blocked, id=19260, stack(0x000000001c7f0000,0x000000001c8f0000)]
  0x000000001b920800 JavaThread "Java2D Disposer" daemon [_thread_blocked, id=14676, stack(0x000000001c3f0000,0x000000001c4f0000)]
  0x000000001b838000 JavaThread "MVStore background writer nio:C:/Users/Hp/Documents/NetBeansProjects/EasyCoffee/db/EASYCOFFEBD.mv.db" daemon [_thread_blocked, id=3484, stack(0x000000001b2b0000,0x000000001b3b0000)]
  0x000000001af31000 JavaThread "pool-1-thread-1" [_thread_blocked, id=15528, stack(0x000000001b3b0000,0x000000001b4b0000)]
  0x000000001921e000 JavaThread "Service Thread" daemon [_thread_blocked, id=2312, stack(0x000000001af40000,0x000000001b040000)]
  0x00000000191cc800 JavaThread "C1 CompilerThread2" daemon [_thread_blocked, id=16464, stack(0x000000001aa40000,0x000000001ab40000)]
  0x00000000191c3800 JavaThread "C2 CompilerThread1" daemon [_thread_blocked, id=11868, stack(0x000000001a940000,0x000000001aa40000)]
  0x00000000191c1800 JavaThread "C2 CompilerThread0" daemon [_thread_blocked, id=18992, stack(0x000000001a840000,0x000000001a940000)]
  0x00000000191bf800 JavaThread "Attach Listener" daemon [_thread_blocked, id=17148, stack(0x000000001a740000,0x000000001a840000)]
  0x00000000191be800 JavaThread "Signal Dispatcher" daemon [_thread_blocked, id=14184, stack(0x000000001a640000,0x000000001a740000)]
  0x0000000002a0c000 JavaThread "Finalizer" daemon [_thread_blocked, id=11736, stack(0x000000001a420000,0x000000001a520000)]
  0x0000000002a02000 JavaThread "Reference Handler" daemon [_thread_blocked, id=17652, stack(0x000000001a320000,0x000000001a420000)]

Other Threads:
  0x0000000019187800 VMThread [stack: 0x000000001a220000,0x000000001a320000] [id=4788]
  0x000000001921e800 WatcherThread [stack: 0x000000001b040000,0x000000001b140000] [id=7668]

VM state:not at safepoint (normal execution)

VM Mutex/Monitor currently owned by a thread: None

Heap:
 PSYoungGen      total 98304K, used 21623K [0x0000000785980000, 0x000000078c080000, 0x00000007c0000000)
  eden space 91136K, 23% used [0x0000000785980000,0x0000000786e9de80,0x000000078b280000)
  from space 7168K, 0% used [0x000000078b280000,0x000000078b280000,0x000000078b980000)
  to   space 7168K, 0% used [0x000000078b980000,0x000000078b980000,0x000000078c080000)
 ParOldGen       total 130560K, used 60924K [0x0000000710c00000, 0x0000000718b80000, 0x0000000785980000)
  object space 130560K, 46% used [0x0000000710c00000,0x000000071477f2f0,0x0000000718b80000)
 Metaspace       used 31252K, capacity 31758K, committed 32000K, reserved 1077248K
  class space    used 3897K, capacity 4027K, committed 4096K, reserved 1048576K

Card table byte_map: [0x0000000011dd0000,0x0000000012350000] byte_map_base: 0x000000000e54a000

Marking Bits: (ParMarkBitMap*) 0x000000006d043e30
 Begin Bits: [0x0000000012b00000, 0x00000000156d0000)
 End Bits:   [0x00000000156d0000, 0x00000000182a0000)

Polling page: 0x00000000009f0000

CodeCache: size=245760Kb used=10291Kb max_used=10668Kb free=235468Kb
 bounds [0x0000000002a10000, 0x00000000034a0000, 0x0000000011a10000]
 total_blobs=3995 nmethods=3222 adapters=686
 compilation: enabled

Compilation events (10 events):
Event: 83.823 Thread 0x00000000191c1800 3622       4       sun.nio.cs.SingleByte$Encoder::encode (32 bytes)
Event: 83.824 Thread 0x00000000191cc800 3623       3       java.nio.CharBuffer::arrayOffset (35 bytes)
Event: 83.824 Thread 0x00000000191cc800 nmethod 3623 0x00000000030d15d0 code [0x00000000030d1760, 0x00000000030d1a78]
Event: 83.825 Thread 0x00000000191c1800 nmethod 3622 0x0000000002fbf6d0 code [0x0000000002fbf820, 0x0000000002fbf938]
Event: 83.843 Thread 0x00000000191cc800 3624   !   3       java.nio.CharBuffer::wrap (20 bytes)
Event: 83.844 Thread 0x00000000191cc800 nmethod 3624 0x0000000003176410 code [0x00000000031765a0, 0x0000000003176978]
Event: 83.844 Thread 0x00000000191cc800 3625       3       java.nio.HeapCharBuffer::<init> (14 bytes)
Event: 83.844 Thread 0x00000000191cc800 nmethod 3625 0x0000000002eee050 code [0x0000000002eee1c0, 0x0000000002eee408]
Event: 83.844 Thread 0x00000000191cc800 3626       3       java.nio.ByteBuffer::array (35 bytes)
Event: 83.845 Thread 0x00000000191cc800 nmethod 3626 0x00000000030425d0 code [0x0000000003042760, 0x0000000003042a78]

GC Heap History (10 events):
Event: 3.461 GC heap before
{Heap before GC invocations=3 (full 0):
 PSYoungGen      total 52736K, used 52492K [0x0000000785980000, 0x000000078c080000, 0x00000007c0000000)
  eden space 45568K, 100% used [0x0000000785980000,0x0000000788600000,0x0000000788600000)
  from space 7168K, 96% used [0x0000000788d00000,0x00000007893c32c8,0x0000000789400000)
  to   space 7168K, 0% used [0x0000000788600000,0x0000000788600000,0x0000000788d00000)
 ParOldGen       total 120320K, used 54142K [0x0000000710c00000, 0x0000000718180000, 0x0000000785980000)
  object space 120320K, 44% used [0x0000000710c00000,0x00000007140df900,0x0000000718180000)
 Metaspace       used 15958K, capacity 16176K, committed 16512K, reserved 1064960K
  class space    used 1770K, capacity 1839K, committed 1920K, reserved 1048576K
Event: 3.470 GC heap after
Heap after GC invocations=3 (full 0):
 PSYoungGen      total 52736K, used 7149K [0x0000000785980000, 0x000000078c080000, 0x00000007c0000000)
  eden space 45568K, 0% used [0x0000000785980000,0x0000000785980000,0x0000000788600000)
  from space 7168K, 99% used [0x0000000788600000,0x0000000788cfb440,0x0000000788d00000)
  to   space 7168K, 0% used [0x000000078b980000,0x000000078b980000,0x000000078c080000)
 ParOldGen       total 120320K, used 55263K [0x0000000710c00000, 0x0000000718180000, 0x0000000785980000)
  object space 120320K, 45% used [0x0000000710c00000,0x00000007141f7f10,0x0000000718180000)
 Metaspace       used 15958K, capacity 16176K, committed 16512K, reserved 1064960K
  class space    used 1770K, capacity 1839K, committed 1920K, reserved 1048576K
}
Event: 3.501 GC heap before
{Heap before GC invocations=4 (full 0):
 PSYoungGen      total 52736K, used 9739K [0x0000000785980000, 0x000000078c080000, 0x00000007c0000000)
  eden space 45568K, 5% used [0x0000000785980000,0x0000000785c07988,0x0000000788600000)
  from space 7168K, 99% used [0x0000000788600000,0x0000000788cfb440,0x0000000788d00000)
  to   space 7168K, 0% used [0x000000078b980000,0x000000078b980000,0x000000078c080000)
 ParOldGen       total 120320K, used 55263K [0x0000000710c00000, 0x0000000718180000, 0x0000000785980000)
  object space 120320K, 45% used [0x0000000710c00000,0x00000007141f7f10,0x0000000718180000)
 Metaspace       used 15980K, capacity 16208K, committed 16512K, reserved 1064960K
  class space    used 1773K, capacity 1871K, committed 1920K, reserved 1048576K
Event: 3.510 GC heap after
Heap after GC invocations=4 (full 0):
 PSYoungGen      total 98304K, used 7126K [0x0000000785980000, 0x000000078c080000, 0x00000007c0000000)
  eden space 91136K, 0% used [0x0000000785980000,0x0000000785980000,0x000000078b280000)
  from space 7168K, 99% used [0x000000078b980000,0x000000078c075a80,0x000000078c080000)
  to   space 7168K, 0% used [0x000000078b280000,0x000000078b280000,0x000000078b980000)
 ParOldGen       total 120320K, used 60016K [0x0000000710c00000, 0x0000000718180000, 0x0000000785980000)
  object space 120320K, 49% used [0x0000000710c00000,0x000000071469c3b0,0x0000000718180000)
 Metaspace       used 15980K, capacity 16208K, committed 16512K, reserved 1064960K
  class space    used 1773K, capacity 1871K, committed 1920K, reserved 1048576K
}
Event: 3.510 GC heap before
{Heap before GC invocations=5 (full 1):
 PSYoungGen      total 98304K, used 7126K [0x0000000785980000, 0x000000078c080000, 0x00000007c0000000)
  eden space 91136K, 0% used [0x0000000785980000,0x0000000785980000,0x000000078b280000)
  from space 7168K, 99% used [0x000000078b980000,0x000000078c075a80,0x000000078c080000)
  to   space 7168K, 0% used [0x000000078b280000,0x000000078b280000,0x000000078b980000)
 ParOldGen       total 120320K, used 60016K [0x0000000710c00000, 0x0000000718180000, 0x0000000785980000)
  object space 120320K, 49% used [0x0000000710c00000,0x000000071469c3b0,0x0000000718180000)
 Metaspace       used 15980K, capacity 16208K, committed 16512K, reserved 1064960K
  class space    used 1773K, capacity 1871K, committed 1920K, reserved 1048576K
Event: 3.551 GC heap after
Heap after GC invocations=5 (full 1):
 PSYoungGen      total 98304K, used 0K [0x0000000785980000, 0x000000078c080000, 0x00000007c0000000)
  eden space 91136K, 0% used [0x0000000785980000,0x0000000785980000,0x000000078b280000)
  from space 7168K, 0% used [0x000000078b980000,0x000000078b980000,0x000000078c080000)
  to   space 7168K, 0% used [0x000000078b280000,0x000000078b280000,0x000000078b980000)
 ParOldGen       total 120320K, used 45780K [0x0000000710c00000, 0x0000000718180000, 0x0000000785980000)
  object space 120320K, 38% used [0x0000000710c00000,0x00000007138b5260,0x0000000718180000)
 Metaspace       used 15980K, capacity 16208K, committed 16512K, reserved 1064960K
  class space    used 1773K, capacity 1871K, committed 1920K, reserved 1048576K
}
Event: 75.969 GC heap before
{Heap before GC invocations=6 (full 1):
 PSYoungGen      total 98304K, used 56887K [0x0000000785980000, 0x000000078c080000, 0x00000007c0000000)
  eden space 91136K, 62% used [0x0000000785980000,0x000000078910dd10,0x000000078b280000)
  from space 7168K, 0% used [0x000000078b980000,0x000000078b980000,0x000000078c080000)
  to   space 7168K, 0% used [0x000000078b280000,0x000000078b280000,0x000000078b980000)
 ParOldGen       total 120320K, used 45780K [0x0000000710c00000, 0x0000000718180000, 0x0000000785980000)
  object space 120320K, 38% used [0x0000000710c00000,0x00000007138b5260,0x0000000718180000)
 Metaspace       used 26873K, capacity 27196K, committed 27520K, reserved 1073152K
  class space    used 3265K, capacity 3362K, committed 3456K, reserved 1048576K
Event: 75.983 GC heap after
Heap after GC invocations=6 (full 1):
 PSYoungGen      total 98304K, used 5679K [0x0000000785980000, 0x000000078c080000, 0x00000007c0000000)
  eden space 91136K, 0% used [0x0000000785980000,0x0000000785980000,0x000000078b280000)
  from space 7168K, 79% used [0x000000078b280000,0x000000078b80bd98,0x000000078b980000)
  to   space 7168K, 0% used [0x000000078b980000,0x000000078b980000,0x000000078c080000)
 ParOldGen       total 120320K, used 55441K [0x0000000710c00000, 0x0000000718180000, 0x0000000785980000)
  object space 120320K, 46% used [0x0000000710c00000,0x0000000714224670,0x0000000718180000)
 Metaspace       used 26873K, capacity 27196K, committed 27520K, reserved 1073152K
  class space    used 3265K, capacity 3362K, committed 3456K, reserved 1048576K
}
Event: 75.983 GC heap before
{Heap before GC invocations=7 (full 2):
 PSYoungGen      total 98304K, used 5679K [0x0000000785980000, 0x000000078c080000, 0x00000007c0000000)
  eden space 91136K, 0% used [0x0000000785980000,0x0000000785980000,0x000000078b280000)
  from space 7168K, 79% used [0x000000078b280000,0x000000078b80bd98,0x000000078b980000)
  to   space 7168K, 0% used [0x000000078b980000,0x000000078b980000,0x000000078c080000)
 ParOldGen       total 120320K, used 55441K [0x0000000710c00000, 0x0000000718180000, 0x0000000785980000)
  object space 120320K, 46% used [0x0000000710c00000,0x0000000714224670,0x0000000718180000)
 Metaspace       used 26873K, capacity 27196K, committed 27520K, reserved 1073152K
  class space    used 3265K, capacity 3362K, committed 3456K, reserved 1048576K
Event: 76.067 GC heap after
Heap after GC invocations=7 (full 2):
 PSYoungGen      total 98304K, used 0K [0x0000000785980000, 0x000000078c080000, 0x00000007c0000000)
  eden space 91136K, 0% used [0x0000000785980000,0x0000000785980000,0x000000078b280000)
  from space 7168K, 0% used [0x000000078b280000,0x000000078b280000,0x000000078b980000)
  to   space 7168K, 0% used [0x000000078b980000,0x000000078b980000,0x000000078c080000)
 ParOldGen       total 130560K, used 60924K [0x0000000710c00000, 0x0000000718b80000, 0x0000000785980000)
  object space 130560K, 46% used [0x0000000710c00000,0x000000071477f2f0,0x0000000718b80000)
 Metaspace       used 26873K, capacity 27196K, committed 27520K, reserved 1073152K
  class space    used 3265K, capacity 3362K, committed 3456K, reserved 1048576K
}

Deoptimization events (10 events):
Event: 77.664 Thread 0x000000001acc4000 Uncommon trap: reason=bimorphic action=maybe_recompile pc=0x000000000332dee8 method=java.util.concurrent.locks.AbstractQueuedSynchronizer.release(I)Z @ 2
Event: 78.092 Thread 0x000000001bae6800 Uncommon trap: reason=unstable_if action=reinterpret pc=0x0000000002cbeab8 method=sun.misc.URLClassPath$JarLoader.getResource(Ljava/lang/String;Z)Lsun/misc/Resource; @ 62
Event: 78.167 Thread 0x000000001bae6800 Uncommon trap: reason=class_check action=maybe_recompile pc=0x0000000002c43040 method=javax.swing.RepaintManager.addDirtyRegion0(Ljava/awt/Container;IIII)V @ 91
Event: 78.199 Thread 0x000000001bae6800 Uncommon trap: reason=class_check action=maybe_recompile pc=0x0000000002c43040 method=javax.swing.RepaintManager.addDirtyRegion0(Ljava/awt/Container;IIII)V @ 91
Event: 78.449 Thread 0x0000000026bb8800 Uncommon trap: reason=bimorphic action=maybe_recompile pc=0x0000000002fc30c0 method=java.util.Properties$LineReader.readLine()I @ 410
Event: 78.458 Thread 0x000000001bae6800 Uncommon trap: reason=unstable_if action=reinterpret pc=0x0000000003231fd8 method=sun.util.logging.PlatformLogger.isLoggable(Lsun/util/logging/PlatformLogger$Level;)Z @ 18
Event: 81.863 Thread 0x000000001b838000 Uncommon trap: reason=unstable_if action=reinterpret pc=0x00000000030971e0 method=org.h2.mvstore.RootReference.hasChangesSince(J)Z @ 26
Event: 81.863 Thread 0x000000001b838000 Uncommon trap: reason=unstable_if action=reinterpret pc=0x0000000003467be8 method=java.lang.Long.numberOfLeadingZeros(J)I @ 61
Event: 81.863 Thread 0x000000001b838000 Uncommon trap: reason=unstable_if action=reinterpret pc=0x0000000003048d3c method=org.h2.mvstore.RootReference.hasChangesSince(J)Z @ 26
Event: 83.413 Thread 0x0000000026bb8800 Uncommon trap: reason=unstable_if action=reinterpret pc=0x0000000002f18820 method=java.io.WinNTFileSystem.normalize(Ljava/lang/String;)Ljava/lang/String; @ 74

Classes redefined (0 events):
No events

Internal exceptions (10 events):
Event: 75.906 Thread 0x000000001bae6800 Exception <a 'java/lang/ClassNotFoundException': TreeCell> (0x000000078908d748) thrown at [C:\re\workspace\8-2-build-windows-amd64-cygwin\jdk8u191\11896\hotspot\src\share\vm\classfile\systemDictionary.cpp, line 210]
Event: 75.906 Thread 0x000000001bae6800 Exception <a 'java/lang/ClassNotFoundException': RootPane> (0x000000078908dfc0) thrown at [C:\re\workspace\8-2-build-windows-amd64-cygwin\jdk8u191\11896\hotspot\src\share\vm\classfile\systemDictionary.cpp, line 210]
Event: 75.945 Thread 0x000000001bae6800 Implicit null exception at 0x00000000031b2673 to 0x00000000031b3239
Event: 77.458 Thread 0x000000001acc4800 Implicit null exception at 0x0000000003331a7b to 0x0000000003332516
Event: 78.092 Thread 0x000000001bae6800 Exception <a 'java/lang/NullPointerException'> (0x0000000785ed4910) thrown at [C:\re\workspace\8-2-build-windows-amd64-cygwin\jdk8u191\11896\hotspot\src\share\vm\interpreter\linkResolver.cpp, line 1185]
Event: 78.275 Thread 0x0000000026bb8800 Exception <a 'java/lang/NullPointerException'> (0x00000007866caa68) thrown at [C:\re\workspace\8-2-build-windows-amd64-cygwin\jdk8u191\11896\hotspot\src\share\vm\interpreter\linkResolver.cpp, line 1185]
Event: 78.275 Thread 0x0000000026bb8800 Exception <a 'java/lang/NullPointerException'> (0x00000007866caa68) thrown at [C:\re\workspace\8-2-build-windows-amd64-cygwin\jdk8u191\11896\hotspot\src\share\vm\prims\jvm.cpp, line 1439]
Event: 81.399 Thread 0x0000000026bb8800 Exception <a 'java/io/FileNotFoundException'> (0x0000000786b6bd90) thrown at [C:\re\workspace\8-2-build-windows-amd64-cygwin\jdk8u191\11896\hotspot\src\share\vm\prims\jni.cpp, line 709]
Event: 81.883 Thread 0x0000000026bbc800 Exception <a 'java/lang/IllegalStateException'> (0x0000000786cdc760) thrown at [C:\re\workspace\8-2-build-windows-amd64-cygwin\jdk8u191\11896\hotspot\src\share\vm\prims\jvm.cpp, line 1439]
Event: 82.504 Thread 0x0000000026bb8800 Exception <a 'java/io/FileNotFoundException'> (0x0000000786db5998) thrown at [C:\re\workspace\8-2-build-windows-amd64-cygwin\jdk8u191\11896\hotspot\src\share\vm\prims\jni.cpp, line 709]

Events (10 events):
Event: 83.390 loading class com/sun/javafx/font/PrismFontFactory$TTFilter done
Event: 83.413 Thread 0x0000000026bb8800 Uncommon trap: trap_request=0xffffff65 fr.pc=0x0000000002f18820
Event: 83.413 Thread 0x0000000026bb8800 DEOPT PACKING pc=0x0000000002f18820 sp=0x000000002896a0a0
Event: 83.413 Thread 0x0000000026bb8800 DEOPT UNPACKING pc=0x0000000002a5583b sp=0x000000002896a030 mode 2
Event: 83.821 Executing VM operation: RevokeBias
Event: 83.821 Executing VM operation: RevokeBias done
Event: 83.822 loading class java/lang/Throwable$WrappedPrintStream
Event: 83.822 loading class java/lang/Throwable$PrintStreamOrWriter
Event: 83.822 loading class java/lang/Throwable$PrintStreamOrWriter done
Event: 83.822 loading class java/lang/Throwable$WrappedPrintStream done


Dynamic libraries:
0x00007ff6877a0000 - 0x00007ff6877d7000 	C:\Program Files\Java\jdk1.8.0_191\bin\java.exe
0x00007ffcc1500000 - 0x00007ffcc16f0000 	C:\WINDOWS\SYSTEM32\ntdll.dll
0x00007ffca75f0000 - 0x00007ffca7603000 	C:\Program Files\AVAST Software\Avast\aswhook.dll
0x00007ffcbf660000 - 0x00007ffcbf712000 	C:\WINDOWS\System32\KERNEL32.DLL
0x00007ffcbe560000 - 0x00007ffcbe804000 	C:\WINDOWS\System32\KERNELBASE.dll
0x00007ffcc0c00000 - 0x00007ffcc0ca3000 	C:\WINDOWS\System32\ADVAPI32.dll
0x00007ffcc0cb0000 - 0x00007ffcc0d4e000 	C:\WINDOWS\System32\msvcrt.dll
0x00007ffcc0000000 - 0x00007ffcc0097000 	C:\WINDOWS\System32\sechost.dll
0x00007ffcc0e20000 - 0x00007ffcc0f40000 	C:\WINDOWS\System32\RPCRT4.dll
0x00007ffcc1130000 - 0x00007ffcc12c4000 	C:\WINDOWS\System32\USER32.dll
0x00007ffcbe810000 - 0x00007ffcbe831000 	C:\WINDOWS\System32\win32u.dll
0x00007ffcbf630000 - 0x00007ffcbf656000 	C:\WINDOWS\System32\GDI32.dll
0x00007ffcbf410000 - 0x00007ffcbf5a5000 	C:\WINDOWS\System32\gdi32full.dll
0x00007ffcbe490000 - 0x00007ffcbe52e000 	C:\WINDOWS\System32\msvcp_win.dll
0x00007ffcbf190000 - 0x00007ffcbf28a000 	C:\WINDOWS\System32\ucrtbase.dll
0x00007ffcadf50000 - 0x00007ffcae1d4000 	C:\WINDOWS\WinSxS\amd64_microsoft.windows.common-controls_6595b64144ccf1df_6.0.18362.900_none_e6beb9d913147d17\COMCTL32.dll
0x00007ffcc0890000 - 0x00007ffcc0bc5000 	C:\WINDOWS\System32\combase.dll
0x00007ffcbf2e0000 - 0x00007ffcbf360000 	C:\WINDOWS\System32\bcryptPrimitives.dll
0x00007ffcc0bd0000 - 0x00007ffcc0bfe000 	C:\WINDOWS\System32\IMM32.DLL
0x000000006e2d0000 - 0x000000006e3a2000 	C:\Program Files\Java\jdk1.8.0_191\jre\bin\msvcr100.dll
0x000000006c820000 - 0x000000006d0c4000 	C:\Program Files\Java\jdk1.8.0_191\jre\bin\server\jvm.dll
0x00007ffcbfee0000 - 0x00007ffcbfee8000 	C:\WINDOWS\System32\PSAPI.DLL
0x00007ffcb44f0000 - 0x00007ffcb44f9000 	C:\WINDOWS\SYSTEM32\WSOCK32.dll
0x00007ffcc12f0000 - 0x00007ffcc135f000 	C:\WINDOWS\System32\WS2_32.dll
0x00007ffcb14c0000 - 0x00007ffcb14e4000 	C:\WINDOWS\SYSTEM32\WINMM.dll
0x00007ffcb6860000 - 0x00007ffcb686a000 	C:\WINDOWS\SYSTEM32\VERSION.dll
0x00007ffcb1490000 - 0x00007ffcb14bd000 	C:\WINDOWS\SYSTEM32\WINMMBASE.dll
0x00007ffcbf290000 - 0x00007ffcbf2da000 	C:\WINDOWS\System32\cfgmgr32.dll
0x000000006c7d0000 - 0x000000006c7df000 	C:\Program Files\Java\jdk1.8.0_191\jre\bin\verify.dll
0x000000006c7a0000 - 0x000000006c7c9000 	C:\Program Files\Java\jdk1.8.0_191\jre\bin\java.dll
0x000000006c780000 - 0x000000006c796000 	C:\Program Files\Java\jdk1.8.0_191\jre\bin\zip.dll
0x00007ffcbf7f0000 - 0x00007ffcbfed6000 	C:\WINDOWS\System32\SHELL32.dll
0x00007ffcbff50000 - 0x00007ffcbfff9000 	C:\WINDOWS\System32\shcore.dll
0x00007ffcbe9b0000 - 0x00007ffcbf130000 	C:\WINDOWS\System32\windows.storage.dll
0x00007ffcbe440000 - 0x00007ffcbe463000 	C:\WINDOWS\System32\profapi.dll
0x00007ffcbe3f0000 - 0x00007ffcbe43a000 	C:\WINDOWS\System32\powrprof.dll
0x00007ffcbe3c0000 - 0x00007ffcbe3d0000 	C:\WINDOWS\System32\UMPDC.dll
0x00007ffcbf790000 - 0x00007ffcbf7e2000 	C:\WINDOWS\System32\shlwapi.dll
0x00007ffcbe3d0000 - 0x00007ffcbe3e1000 	C:\WINDOWS\System32\kernel.appcore.dll
0x00007ffcbe840000 - 0x00007ffcbe857000 	C:\WINDOWS\System32\cryptsp.dll
0x000000006c5a0000 - 0x000000006c739000 	C:\Program Files\Java\jdk1.8.0_191\jre\bin\awt.dll
0x00007ffcc0340000 - 0x00007ffcc0405000 	C:\WINDOWS\System32\OLEAUT32.dll
0x00007ffcbc660000 - 0x00007ffcbc6ef000 	C:\WINDOWS\SYSTEM32\apphelp.dll
0x000000006c490000 - 0x000000006c4b4000 	C:\Program Files\Java\jdk1.8.0_191\jre\bin\sunec.dll
0x000000006c760000 - 0x000000006c77a000 	C:\Program Files\Java\jdk1.8.0_191\jre\bin\net.dll
0x00007ffcbdbd0000 - 0x00007ffcbdc37000 	C:\WINDOWS\system32\mswsock.dll
0x00007ffcbd8e0000 - 0x00007ffcbd91a000 	C:\WINDOWS\SYSTEM32\IPHLPAPI.DLL
0x00007ffcc0180000 - 0x00007ffcc0188000 	C:\WINDOWS\System32\NSI.dll
0x00007ffcb8100000 - 0x00007ffcb8116000 	C:\WINDOWS\SYSTEM32\dhcpcsvc6.DLL
0x00007ffcb81a0000 - 0x00007ffcb81bc000 	C:\WINDOWS\SYSTEM32\dhcpcsvc.DLL
0x00007ffcbd970000 - 0x00007ffcbda3b000 	C:\WINDOWS\SYSTEM32\DNSAPI.dll
0x000000006c740000 - 0x000000006c751000 	C:\Program Files\Java\jdk1.8.0_191\jre\bin\nio.dll
0x00007ffcbd740000 - 0x00007ffcbd773000 	C:\WINDOWS\system32\rsaenh.dll
0x00007ffcbe530000 - 0x00007ffcbe556000 	C:\WINDOWS\System32\bcrypt.dll
0x00007ffcbe2b0000 - 0x00007ffcbe2d5000 	C:\WINDOWS\SYSTEM32\USERENV.dll
0x00007ffcbdda0000 - 0x00007ffcbddac000 	C:\WINDOWS\SYSTEM32\CRYPTBASE.dll
0x000000006c440000 - 0x000000006c471000 	C:\Program Files\Java\jdk1.8.0_191\jre\bin\jpeg.dll
0x000000006c480000 - 0x000000006c48b000 	C:\Program Files\Java\jdk1.8.0_191\jre\bin\sunmscapi.dll
0x00007ffcbe860000 - 0x00007ffcbe9a9000 	C:\WINDOWS\System32\CRYPT32.dll
0x00007ffcbe470000 - 0x00007ffcbe482000 	C:\WINDOWS\System32\MSASN1.dll
0x00007ffcb4990000 - 0x00007ffcb499a000 	C:\Windows\System32\rasadhlp.dll
0x00007ffcb7510000 - 0x00007ffcb7587000 	C:\WINDOWS\System32\fwpuclnt.dll
0x00007ffcbcb50000 - 0x00007ffcbcbe9000 	C:\WINDOWS\system32\uxtheme.dll
0x00007ffcc0ff0000 - 0x00007ffcc1125000 	C:\WINDOWS\System32\MSCTF.dll
0x00007ffcc1360000 - 0x00007ffcc14b7000 	C:\WINDOWS\System32\ole32.dll
0x00007ffcbcd50000 - 0x00007ffcbcd7d000 	C:\WINDOWS\system32\DWMAPI.DLL
0x00007ffc9f9f0000 - 0x00007ffc9fb46000 	C:\WINDOWS\system32\opengl32.dll
0x00007ffca78c0000 - 0x00007ffca78ec000 	C:\WINDOWS\SYSTEM32\GLU32.dll
0x00007ffcbd150000 - 0x00007ffcbd170000 	C:\WINDOWS\SYSTEM32\dxcore.dll
0x00007ffc85690000 - 0x00007ffc85857000 	C:\WINDOWS\system32\d3d9.dll
0x000000006c550000 - 0x000000006c597000 	C:\Program Files\Java\jdk1.8.0_191\jre\bin\fontmanager.dll
0x000000006c500000 - 0x000000006c542000 	C:\Program Files\Java\jdk1.8.0_191\jre\bin\t2k.dll
0x00007ffcc0f40000 - 0x00007ffcc0fe2000 	C:\WINDOWS\System32\clbcatq.dll
0x00007ffcb77a0000 - 0x00007ffcb794f000 	C:\WINDOWS\SYSTEM32\WindowsCodecs.dll
0x00007ffcac290000 - 0x00007ffcac2ca000 	C:\WINDOWS\system32\dataexchange.dll
0x00007ffcbbca0000 - 0x00007ffcbbefb000 	C:\WINDOWS\system32\d3d11.dll
0x00007ffcbbf00000 - 0x00007ffcbc0dc000 	C:\WINDOWS\system32\dcomp.dll
0x00007ffcbd170000 - 0x00007ffcbd25b000 	C:\WINDOWS\system32\dxgi.dll
0x00007ffcbc6f0000 - 0x00007ffcbc951000 	C:\WINDOWS\system32\twinapi.appcore.dll
0x00007ffcbcc20000 - 0x00007ffcbcc49000 	C:\WINDOWS\system32\RMCLIENT.dll
0x00007ffca7180000 - 0x00007ffca721e000 	C:\WINDOWS\System32\TextInputFramework.dll
0x00007ffca8390000 - 0x00007ffca86ba000 	C:\WINDOWS\System32\CoreUIComponents.dll
0x00007ffcbc0e0000 - 0x00007ffcbc1b4000 	C:\WINDOWS\System32\CoreMessaging.dll
0x00007ffcbd400000 - 0x00007ffcbd431000 	C:\WINDOWS\SYSTEM32\ntmarta.dll
0x00007ffcb9e40000 - 0x00007ffcb9f93000 	C:\WINDOWS\SYSTEM32\wintypes.dll
0x00007ffcadc00000 - 0x00007ffcadea6000 	C:\WINDOWS\System32\iertutil.dll
0x00007ffcbade0000 - 0x00007ffcbaed0000 	C:\WINDOWS\SYSTEM32\PROPSYS.dll
0x00007ffcb3020000 - 0x00007ffcb3155000 	C:\Windows\System32\Windows.StateRepositoryPS.dll
0x00007ffca8790000 - 0x00007ffca8823000 	C:\Windows\System32\appresolver.dll
0x00007ffca5a70000 - 0x00007ffca5acd000 	C:\Windows\System32\Bcp47Langs.dll
0x00007ffcbd2b0000 - 0x00007ffcbd2d7000 	C:\Windows\System32\SLC.dll
0x00007ffcbd280000 - 0x00007ffcbd2a6000 	C:\Windows\System32\sppc.dll
0x00007ffca6b70000 - 0x00007ffca6d13000 	C:\WINDOWS\WinSxS\amd64_microsoft.windows.gdiplus_6595b64144ccf1df_1.1.18362.900_none_17a9acbe6da6f6e5\gdiplus.dll
0x00007ffcbe2e0000 - 0x00007ffcbe30f000 	C:\WINDOWS\system32\SspiCli.dll
0x00007ffca9890000 - 0x00007ffca98b7000 	C:\WINDOWS\System32\shacct.dll
0x00007ffcba8a0000 - 0x00007ffcba8ca000 	C:\WINDOWS\System32\IDStore.dll
0x00007ffcb88b0000 - 0x00007ffcb88d3000 	C:\WINDOWS\System32\SAMLIB.dll
0x00007ffc9bf80000 - 0x00007ffc9c025000 	C:\WINDOWS\System32\wlidprov.dll
0x00007ffcb88e0000 - 0x00007ffcb88f8000 	C:\WINDOWS\System32\samcli.dll
0x00007ffc9f910000 - 0x00007ffc9f988000 	C:\WINDOWS\System32\provsvc.dll
0x00007ffc9d7e0000 - 0x00007ffc9da8f000 	C:\Program Files\AVAST Software\Avast\ashShell.dll
0x00007ffca6e30000 - 0x00007ffca6e8e000 	C:\Windows\System32\thumbcache.dll
0x00007ffcbad50000 - 0x00007ffcbadd6000 	C:\WINDOWS\SYSTEM32\policymanager.dll
0x00007ffcbacc0000 - 0x00007ffcbad4a000 	C:\WINDOWS\SYSTEM32\msvcp110_win.dll
0x00007ffcb08b0000 - 0x00007ffcb08d3000 	C:\WINDOWS\SYSTEM32\edputil.dll
0x00007ffc9e1f0000 - 0x00007ffc9e23b000 	C:\Windows\System32\Windows.UI.AppDefaults.dll
0x00007ffcbde30000 - 0x00007ffcbde59000 	C:\Windows\System32\Wldp.dll
0x00007ffcbf130000 - 0x00007ffcbf18c000 	C:\WINDOWS\System32\WINTRUST.dll
0x00007ffcb5e50000 - 0x00007ffcb6026000 	C:\WINDOWS\SYSTEM32\urlmon.dll
0x00007ffcb1400000 - 0x00007ffcb1420000 	C:\WINDOWS\SYSTEM32\CLDAPI.dll
0x00007ffcb58d0000 - 0x00007ffcb58da000 	C:\WINDOWS\SYSTEM32\FLTLIB.DLL
0x00007ffca0f70000 - 0x00007ffca0fe9000 	C:\Windows\System32\OneCoreCommonProxyStub.dll
0x00007ffcacb90000 - 0x00007ffcad2fd000 	C:\Windows\System32\OneCoreUAPCommonProxyStub.dll
0x000000006c4c0000 - 0x000000006c4ea000 	C:\Program Files\Java\jdk1.8.0_191\jre\bin\dcpr.dll
0x000000001cfa0000 - 0x000000001cfa3000 	C:\Program Files\Java\jdk1.8.0_191\jre\bin\api-ms-win-core-console-l1-1-0.dll
0x000000001cfc0000 - 0x000000001cfc3000 	C:\Program Files\Java\jdk1.8.0_191\jre\bin\api-ms-win-core-datetime-l1-1-0.dll
0x000000001cfd0000 - 0x000000001cfd3000 	C:\Program Files\Java\jdk1.8.0_191\jre\bin\api-ms-win-core-debug-l1-1-0.dll
0x0000000023320000 - 0x0000000023323000 	C:\Program Files\Java\jdk1.8.0_191\jre\bin\api-ms-win-core-errorhandling-l1-1-0.dll
0x0000000023330000 - 0x0000000023334000 	C:\Program Files\Java\jdk1.8.0_191\jre\bin\api-ms-win-core-file-l1-1-0.dll
0x0000000023340000 - 0x0000000023343000 	C:\Program Files\Java\jdk1.8.0_191\jre\bin\api-ms-win-core-file-l1-2-0.dll
0x0000000023350000 - 0x0000000023353000 	C:\Program Files\Java\jdk1.8.0_191\jre\bin\api-ms-win-core-file-l2-1-0.dll
0x0000000023360000 - 0x0000000023363000 	C:\Program Files\Java\jdk1.8.0_191\jre\bin\api-ms-win-core-handle-l1-1-0.dll
0x0000000023370000 - 0x0000000023373000 	C:\Program Files\Java\jdk1.8.0_191\jre\bin\api-ms-win-core-heap-l1-1-0.dll
0x0000000023380000 - 0x0000000023383000 	C:\Program Files\Java\jdk1.8.0_191\jre\bin\api-ms-win-core-interlocked-l1-1-0.dll
0x0000000023390000 - 0x0000000023393000 	C:\Program Files\Java\jdk1.8.0_191\jre\bin\api-ms-win-core-libraryloader-l1-1-0.dll
0x00000000233a0000 - 0x00000000233a3000 	C:\Program Files\Java\jdk1.8.0_191\jre\bin\api-ms-win-core-localization-l1-2-0.dll
0x00000000233b0000 - 0x00000000233b3000 	C:\Program Files\Java\jdk1.8.0_191\jre\bin\api-ms-win-core-memory-l1-1-0.dll
0x00000000233c0000 - 0x00000000233c3000 	C:\Program Files\Java\jdk1.8.0_191\jre\bin\api-ms-win-core-namedpipe-l1-1-0.dll

VM Arguments:
java_command: Frontera.FramePrincipal
java_class_path (initial): C:\Users\Hp\Documents\NetBeansProjects\EasyCoffee\target\classes;C:\Users\Hp\.m2\repository\com\h2database\h2\1.4.200\h2-1.4.200.jar;C:\Users\Hp\.m2\repository\com\toedter\jcalendar\1.4\jcalendar-1.4.jar;C:\Users\Hp\.m2\repository\org\eclipse\persistence\eclipselink\2.5.2\eclipselink-2.5.2.jar;C:\Users\Hp\.m2\repository\org\eclipse\persistence\javax.persistence\2.1.0\javax.persistence-2.1.0.jar;C:\Users\Hp\.m2\repository\org\eclipse\persistence\commonj.sdo\2.1.1\commonj.sdo-2.1.1.jar;C:\Users\Hp\.m2\repository\org\jdesktop\beansbinding\1.2.1\beansbinding-1.2.1.jar;C:\Users\Hp\.m2\repository\org\jsoup\jsoup\1.13.1\jsoup-1.13.1.jar
Launcher Type: SUN_STANDARD

Environment Variables:
JAVA_HOME=C:\Program Files\Java\jdk1.8.0_191
CLASSPATH=C:\Apache Derby\db-derby-10.14.2.0-lib\lib\derby.jar;C:\Apache Derby\db-derby-10.14.2.0-lib\lib\derbytools.jar;
PATH=C:\Program Files\Python38\Scripts\;C:\Program Files\Python38\;C:\Program Files (x86)\Common Files\Oracle\Java\javapath;C:\WINDOWS\system32;C:\WINDOWS;C:\WINDOWS\System32\Wbem;C:\WINDOWS\System32\WindowsPowerShell\v1.0\;C:\WINDOWS\System32\OpenSSH\;C:\Program Files (x86)\Windows Live\Shared;C:\Xilinx92i\bin\nt;C:\Program Files\Git\cmd;C:\Program Files\nodejs\;C:\Users\Hp\AppData\Local\Programs\Python\Python38-32\Scripts\;C:\Users\Hp\AppData\Local\Programs\Python\Python38-32\;C:\Program Files\MySQL\MySQL Shell 8.0\bin\;C:\Users\Hp\AppData\Local\Microsoft\WindowsApps;C:\Users\Hp\AppData\Local\GitHubDesktop\bin;C:\Users\Hp\AppData\Roaming\npm;C:\Users\Hp\AppData\Local\Programs\Microsoft VS Code\bin
USERNAME=Hp
OS=Windows_NT
PROCESSOR_IDENTIFIER=AMD64 Family 21 Model 101 Stepping 1, AuthenticAMD



---------------  S Y S T E M  ---------------

OS: Windows 10.0 , 64 bit Build 18362 (10.0.18362.900)

CPU:total 4 (initial active 4) (4 cores per cpu, 1 threads per core) family 21 model 101 stepping 1, cmov, cx8, fxsr, mmx, sse, sse2, sse3, ssse3, sse4.1, sse4.2, popcnt, avx, avx2, aes, clmul, mmxext, 3dnowpref, lzcnt, sse4a, tsc, tscinvbit, tscinv, bmi1

Memory: 4k page, physical 11482628k(3073224k free), swap 21722628k(8132616k free)

vm_info: Java HotSpot(TM) 64-Bit Server VM (25.191-b12) for windows-amd64 JRE (1.8.0_191-b12), built on Oct  6 2018 09:29:03 by "java_re" with MS VC++ 10.0 (VS2010)

time: Mon Jun 22 19:49:44 2020
elapsed time: 84 seconds (0d 0h 1m 24s)

